2024-05-11 08:58:50,931 INFO o.h.v.i.u.Version [background-preinit] HV000001: Hibernate Validator 8.0.1.Final
2024-05-11 08:58:50,996 INFO c.a.s.s.SuperheroesApplication [main] Starting SuperheroesApplication using Java 17.0.10 with PID 25996 (C:\Portfolio\Training\superheroes\target\classes started by Aymen Bouazizi in C:\Portfolio\Training\superheroes)
2024-05-11 08:58:51,002 INFO c.a.s.s.SuperheroesApplication [main] No active profile set, falling back to 1 default profile: "default"
2024-05-11 08:58:51,745 INFO o.s.d.r.c.RepositoryConfigurationDelegate [main] Multiple Spring Data modules found, entering strict repository configuration mode
2024-05-11 08:58:51,746 INFO o.s.d.r.c.RepositoryConfigurationDelegate [main] Bootstrapping Spring Data JPA repositories in DEFAULT mode.
2024-05-11 08:58:51,835 INFO o.s.d.r.c.RepositoryConfigurationDelegate [main] Finished Spring Data repository scanning in 82 ms. Found 3 JPA repository interfaces.
2024-05-11 08:58:51,846 INFO o.s.d.r.c.RepositoryConfigurationDelegate [main] Multiple Spring Data modules found, entering strict repository configuration mode
2024-05-11 08:58:51,847 INFO o.s.d.r.c.RepositoryConfigurationDelegate [main] Bootstrapping Spring Data Redis repositories in DEFAULT mode.
2024-05-11 08:58:51,858 INFO o.s.d.r.c.RepositoryConfigurationExtensionSupport [main] Spring Data Redis - Could not safely identify store assignment for repository candidate interface com.aymenbouazizi.springbootsuperheroes.superheroes.antiHero.repository.AntiHeroRepository; If you want this repository to be a Redis repository, consider annotating your entities with one of these annotations: org.springframework.data.redis.core.RedisHash (preferred), or consider extending one of the following types with your repository: org.springframework.data.keyvalue.repository.KeyValueRepository
2024-05-11 08:58:51,859 INFO o.s.d.r.c.RepositoryConfigurationExtensionSupport [main] Spring Data Redis - Could not safely identify store assignment for repository candidate interface com.aymenbouazizi.springbootsuperheroes.superheroes.antiHero.repository.RoleRepository; If you want this repository to be a Redis repository, consider annotating your entities with one of these annotations: org.springframework.data.redis.core.RedisHash (preferred), or consider extending one of the following types with your repository: org.springframework.data.keyvalue.repository.KeyValueRepository
2024-05-11 08:58:51,860 INFO o.s.d.r.c.RepositoryConfigurationExtensionSupport [main] Spring Data Redis - Could not safely identify store assignment for repository candidate interface com.aymenbouazizi.springbootsuperheroes.superheroes.antiHero.repository.UserRepository; If you want this repository to be a Redis repository, consider annotating your entities with one of these annotations: org.springframework.data.redis.core.RedisHash (preferred), or consider extending one of the following types with your repository: org.springframework.data.keyvalue.repository.KeyValueRepository
2024-05-11 08:58:51,860 INFO o.s.d.r.c.RepositoryConfigurationDelegate [main] Finished Spring Data repository scanning in 5 ms. Found 0 Redis repository interfaces.
2024-05-11 08:58:52,557 INFO o.s.b.w.e.t.TomcatWebServer [main] Tomcat initialized with port 8080 (http)
2024-05-11 08:58:52,574 INFO o.a.c.h.Http11NioProtocol [main] Initializing ProtocolHandler ["http-nio-8080"]
2024-05-11 08:58:52,578 INFO o.a.c.c.StandardService [main] Starting service [Tomcat]
2024-05-11 08:58:52,579 INFO o.a.c.c.StandardEngine [main] Starting Servlet engine: [Apache Tomcat/10.1.20]
2024-05-11 08:58:52,671 INFO o.a.c.c.C.[.[.[/] [main] Initializing Spring embedded WebApplicationContext
2024-05-11 08:58:52,673 INFO o.s.b.w.s.c.ServletWebServerApplicationContext [main] Root WebApplicationContext: initialization completed in 1622 ms
2024-05-11 08:58:52,899 INFO o.h.j.i.u.LogHelper [main] HHH000204: Processing PersistenceUnitInfo [name: default]
2024-05-11 08:58:53,016 INFO o.h.Version [main] HHH000412: Hibernate ORM core version 6.4.4.Final
2024-05-11 08:58:53,074 INFO o.h.c.i.RegionFactoryInitiator [main] HHH000026: Second-level cache disabled
2024-05-11 08:58:53,313 INFO o.s.o.j.p.SpringPersistenceUnitInfo [main] No LoadTimeWeaver setup: ignoring JPA class transformer
2024-05-11 08:58:53,330 INFO c.z.h.HikariDataSource [main] HikariPool-1 - Starting...
2024-05-11 08:58:53,435 INFO c.z.h.p.HikariPool [main] HikariPool-1 - Added connection org.postgresql.jdbc.PgConnection@687e561b
2024-05-11 08:58:53,437 INFO c.z.h.HikariDataSource [main] HikariPool-1 - Start completed.
2024-05-11 08:58:53,462 WARN o.h.o.deprecation [main] HHH90000025: PostgreSQLDialect does not need to be specified explicitly using 'hibernate.dialect' (remove the property setting and it will be selected by default)
2024-05-11 08:58:53,480 DEBUG o.h.t.d.s.s.DdlTypeRegistry [main] addDescriptor(2003, org.hibernate.type.descriptor.sql.internal.ArrayDdlTypeImpl@731ab49b) replaced previous registration(org.hibernate.type.descriptor.sql.internal.ArrayDdlTypeImpl@23358740)
2024-05-11 08:58:53,480 DEBUG o.h.t.d.s.s.DdlTypeRegistry [main] addDescriptor(6, org.hibernate.type.descriptor.sql.internal.CapacityDependentDdlType@2cdcfaa6) replaced previous registration(org.hibernate.type.descriptor.sql.internal.DdlTypeImpl@4ff0706c)
2024-05-11 08:58:54,209 INFO o.h.e.t.j.p.i.JtaPlatformInitiator [main] HHH000489: No JTA platform available (set 'hibernate.transaction.jta.platform' to enable JTA platform integration)
2024-05-11 08:58:54,261 INFO o.s.o.j.LocalContainerEntityManagerFactoryBean [main] Initialized JPA EntityManagerFactory for persistence unit 'default'
2024-05-11 08:58:54,824 WARN o.s.b.a.o.j.JpaBaseConfiguration$JpaWebConfiguration [main] spring.jpa.open-in-view is enabled by default. Therefore, database queries may be performed during view rendering. Explicitly configure spring.jpa.open-in-view to disable this warning
2024-05-11 08:58:55,192 INFO o.s.s.w.DefaultSecurityFilterChain [main] Will secure any request with [org.springframework.security.web.session.DisableEncodeUrlFilter@296ddfc7, org.springframework.security.web.context.request.async.WebAsyncManagerIntegrationFilter@29aa29f5, org.springframework.security.web.context.SecurityContextHolderFilter@e62d757, org.springframework.security.web.header.HeaderWriterFilter@2ccfd2cb, org.springframework.web.filter.CorsFilter@5a85b4e6, org.springframework.security.web.authentication.logout.LogoutFilter@6b02909d, com.aymenbouazizi.springbootsuperheroes.superheroes.antiHero.jwt.AuthTokenFilter@3a0f5141, org.springframework.security.web.savedrequest.RequestCacheAwareFilter@7746330a, org.springframework.security.web.servletapi.SecurityContextHolderAwareRequestFilter@3de4f936, org.springframework.security.web.authentication.AnonymousAuthenticationFilter@2a742ee4, org.springframework.security.web.session.SessionManagementFilter@63069995, org.springframework.security.web.access.ExceptionTranslationFilter@57ac220f, org.springframework.security.web.access.intercept.AuthorizationFilter@3726fc3b]
2024-05-11 08:58:55,580 INFO o.a.c.h.Http11NioProtocol [main] Starting ProtocolHandler ["http-nio-8080"]
2024-05-11 08:58:55,600 INFO o.s.b.w.e.t.TomcatWebServer [main] Tomcat started on port 8080 (http) with context path ''
2024-05-11 08:58:55,692 DEBUG o.h.SQL [main] 
    select
        r1_0.id,
        r1_0.name 
    from
        roles r1_0 
    where
        r1_0.name=?
2024-05-11 08:58:55,702 DEBUG o.h.SQL [main] 
    select
        r1_0.id,
        r1_0.name 
    from
        roles r1_0 
    where
        r1_0.name=?
2024-05-11 08:58:55,703 DEBUG o.h.SQL [main] 
    select
        r1_0.id,
        r1_0.name 
    from
        roles r1_0 
    where
        r1_0.name=?
2024-05-11 08:58:55,706 INFO c.a.s.s.SuperheroesApplication [main] Started SuperheroesApplication in 5.09 seconds (process running for 5.627)
2024-05-11 08:59:58,235 INFO o.s.o.j.LocalContainerEntityManagerFactoryBean [SpringApplicationShutdownHook] Closing JPA EntityManagerFactory for persistence unit 'default'
2024-05-11 08:59:58,237 INFO c.z.h.HikariDataSource [SpringApplicationShutdownHook] HikariPool-1 - Shutdown initiated...
2024-05-11 08:59:58,241 INFO c.z.h.HikariDataSource [SpringApplicationShutdownHook] HikariPool-1 - Shutdown completed.
2024-05-11 09:00:00,864 INFO o.h.v.i.u.Version [background-preinit] HV000001: Hibernate Validator 8.0.1.Final
2024-05-11 09:00:00,921 INFO c.a.s.s.SuperheroesApplication [main] Starting SuperheroesApplication using Java 17.0.10 with PID 33228 (C:\Portfolio\Training\superheroes\target\classes started by Aymen Bouazizi in C:\Portfolio\Training\superheroes)
2024-05-11 09:00:00,926 INFO c.a.s.s.SuperheroesApplication [main] No active profile set, falling back to 1 default profile: "default"
2024-05-11 09:00:01,665 INFO o.s.d.r.c.RepositoryConfigurationDelegate [main] Multiple Spring Data modules found, entering strict repository configuration mode
2024-05-11 09:00:01,666 INFO o.s.d.r.c.RepositoryConfigurationDelegate [main] Bootstrapping Spring Data JPA repositories in DEFAULT mode.
2024-05-11 09:00:01,751 INFO o.s.d.r.c.RepositoryConfigurationDelegate [main] Finished Spring Data repository scanning in 78 ms. Found 3 JPA repository interfaces.
2024-05-11 09:00:01,762 INFO o.s.d.r.c.RepositoryConfigurationDelegate [main] Multiple Spring Data modules found, entering strict repository configuration mode
2024-05-11 09:00:01,762 INFO o.s.d.r.c.RepositoryConfigurationDelegate [main] Bootstrapping Spring Data Redis repositories in DEFAULT mode.
2024-05-11 09:00:01,772 INFO o.s.d.r.c.RepositoryConfigurationExtensionSupport [main] Spring Data Redis - Could not safely identify store assignment for repository candidate interface com.aymenbouazizi.springbootsuperheroes.superheroes.antiHero.repository.AntiHeroRepository; If you want this repository to be a Redis repository, consider annotating your entities with one of these annotations: org.springframework.data.redis.core.RedisHash (preferred), or consider extending one of the following types with your repository: org.springframework.data.keyvalue.repository.KeyValueRepository
2024-05-11 09:00:01,772 INFO o.s.d.r.c.RepositoryConfigurationExtensionSupport [main] Spring Data Redis - Could not safely identify store assignment for repository candidate interface com.aymenbouazizi.springbootsuperheroes.superheroes.antiHero.repository.RoleRepository; If you want this repository to be a Redis repository, consider annotating your entities with one of these annotations: org.springframework.data.redis.core.RedisHash (preferred), or consider extending one of the following types with your repository: org.springframework.data.keyvalue.repository.KeyValueRepository
2024-05-11 09:00:01,773 INFO o.s.d.r.c.RepositoryConfigurationExtensionSupport [main] Spring Data Redis - Could not safely identify store assignment for repository candidate interface com.aymenbouazizi.springbootsuperheroes.superheroes.antiHero.repository.UserRepository; If you want this repository to be a Redis repository, consider annotating your entities with one of these annotations: org.springframework.data.redis.core.RedisHash (preferred), or consider extending one of the following types with your repository: org.springframework.data.keyvalue.repository.KeyValueRepository
2024-05-11 09:00:01,773 INFO o.s.d.r.c.RepositoryConfigurationDelegate [main] Finished Spring Data repository scanning in 5 ms. Found 0 Redis repository interfaces.
2024-05-11 09:00:02,465 INFO o.s.b.w.e.t.TomcatWebServer [main] Tomcat initialized with port 8080 (http)
2024-05-11 09:00:02,486 INFO o.a.c.h.Http11NioProtocol [main] Initializing ProtocolHandler ["http-nio-8080"]
2024-05-11 09:00:02,490 INFO o.a.c.c.StandardService [main] Starting service [Tomcat]
2024-05-11 09:00:02,492 INFO o.a.c.c.StandardEngine [main] Starting Servlet engine: [Apache Tomcat/10.1.20]
2024-05-11 09:00:02,579 INFO o.a.c.c.C.[.[.[/] [main] Initializing Spring embedded WebApplicationContext
2024-05-11 09:00:02,580 INFO o.s.b.w.s.c.ServletWebServerApplicationContext [main] Root WebApplicationContext: initialization completed in 1604 ms
2024-05-11 09:00:02,805 INFO o.h.j.i.u.LogHelper [main] HHH000204: Processing PersistenceUnitInfo [name: default]
2024-05-11 09:00:02,910 INFO o.h.Version [main] HHH000412: Hibernate ORM core version 6.4.4.Final
2024-05-11 09:00:02,975 INFO o.h.c.i.RegionFactoryInitiator [main] HHH000026: Second-level cache disabled
2024-05-11 09:00:03,174 INFO o.s.o.j.p.SpringPersistenceUnitInfo [main] No LoadTimeWeaver setup: ignoring JPA class transformer
2024-05-11 09:00:03,194 INFO c.z.h.HikariDataSource [main] HikariPool-1 - Starting...
2024-05-11 09:00:03,310 INFO c.z.h.p.HikariPool [main] HikariPool-1 - Added connection org.postgresql.jdbc.PgConnection@75f8d9b0
2024-05-11 09:00:03,311 INFO c.z.h.HikariDataSource [main] HikariPool-1 - Start completed.
2024-05-11 09:00:03,335 WARN o.h.o.deprecation [main] HHH90000025: PostgreSQLDialect does not need to be specified explicitly using 'hibernate.dialect' (remove the property setting and it will be selected by default)
2024-05-11 09:00:03,353 DEBUG o.h.t.d.s.s.DdlTypeRegistry [main] addDescriptor(2003, org.hibernate.type.descriptor.sql.internal.ArrayDdlTypeImpl@2cdcfaa6) replaced previous registration(org.hibernate.type.descriptor.sql.internal.ArrayDdlTypeImpl@4ff0706c)
2024-05-11 09:00:03,353 DEBUG o.h.t.d.s.s.DdlTypeRegistry [main] addDescriptor(6, org.hibernate.type.descriptor.sql.internal.CapacityDependentDdlType@6968bb65) replaced previous registration(org.hibernate.type.descriptor.sql.internal.DdlTypeImpl@66682e8f)
2024-05-11 09:00:04,055 INFO o.h.e.t.j.p.i.JtaPlatformInitiator [main] HHH000489: No JTA platform available (set 'hibernate.transaction.jta.platform' to enable JTA platform integration)
2024-05-11 09:00:04,110 INFO o.s.o.j.LocalContainerEntityManagerFactoryBean [main] Initialized JPA EntityManagerFactory for persistence unit 'default'
2024-05-11 09:00:04,751 WARN o.s.b.a.o.j.JpaBaseConfiguration$JpaWebConfiguration [main] spring.jpa.open-in-view is enabled by default. Therefore, database queries may be performed during view rendering. Explicitly configure spring.jpa.open-in-view to disable this warning
2024-05-11 09:00:05,131 INFO o.s.s.w.DefaultSecurityFilterChain [main] Will secure any request with [org.springframework.security.web.session.DisableEncodeUrlFilter@2a742ee4, org.springframework.security.web.context.request.async.WebAsyncManagerIntegrationFilter@4e41b993, org.springframework.security.web.context.SecurityContextHolderFilter@7746330a, org.springframework.security.web.header.HeaderWriterFilter@42014a, org.springframework.web.filter.CorsFilter@6b09ce57, org.springframework.security.web.authentication.logout.LogoutFilter@424461ad, com.aymenbouazizi.springbootsuperheroes.superheroes.antiHero.jwt.AuthTokenFilter@3b446d7, org.springframework.security.web.savedrequest.RequestCacheAwareFilter@252459b2, org.springframework.security.web.servletapi.SecurityContextHolderAwareRequestFilter@5128efc, org.springframework.security.web.authentication.AnonymousAuthenticationFilter@915c47b, org.springframework.security.web.session.SessionManagementFilter@110b6c78, org.springframework.security.web.access.ExceptionTranslationFilter@2ccfd2cb, org.springframework.security.web.access.intercept.AuthorizationFilter@14ce13fa]
2024-05-11 09:00:05,547 INFO o.a.c.h.Http11NioProtocol [main] Starting ProtocolHandler ["http-nio-8080"]
2024-05-11 09:00:05,558 INFO o.s.b.w.e.t.TomcatWebServer [main] Tomcat started on port 8080 (http) with context path ''
2024-05-11 09:00:05,638 DEBUG o.h.SQL [main] 
    select
        r1_0.id,
        r1_0.name 
    from
        roles r1_0 
    where
        r1_0.name=?
2024-05-11 09:00:05,649 DEBUG o.h.SQL [main] 
    select
        r1_0.id,
        r1_0.name 
    from
        roles r1_0 
    where
        r1_0.name=?
2024-05-11 09:00:05,650 DEBUG o.h.SQL [main] 
    select
        r1_0.id,
        r1_0.name 
    from
        roles r1_0 
    where
        r1_0.name=?
2024-05-11 09:00:05,653 INFO c.a.s.s.SuperheroesApplication [main] Started SuperheroesApplication in 5.1 seconds (process running for 5.64)
2024-05-11 09:00:52,436 INFO o.s.o.j.LocalContainerEntityManagerFactoryBean [SpringApplicationShutdownHook] Closing JPA EntityManagerFactory for persistence unit 'default'
2024-05-11 09:00:52,437 INFO c.z.h.HikariDataSource [SpringApplicationShutdownHook] HikariPool-1 - Shutdown initiated...
2024-05-11 09:00:52,440 INFO c.z.h.HikariDataSource [SpringApplicationShutdownHook] HikariPool-1 - Shutdown completed.
2024-05-11 09:00:54,253 INFO o.h.v.i.u.Version [background-preinit] HV000001: Hibernate Validator 8.0.1.Final
2024-05-11 09:00:54,315 INFO c.a.s.s.SuperheroesApplication [main] Starting SuperheroesApplication using Java 17.0.10 with PID 33100 (C:\Portfolio\Training\superheroes\target\classes started by Aymen Bouazizi in C:\Portfolio\Training\superheroes)
2024-05-11 09:00:54,319 INFO c.a.s.s.SuperheroesApplication [main] No active profile set, falling back to 1 default profile: "default"
2024-05-11 09:00:55,064 INFO o.s.d.r.c.RepositoryConfigurationDelegate [main] Multiple Spring Data modules found, entering strict repository configuration mode
2024-05-11 09:00:55,065 INFO o.s.d.r.c.RepositoryConfigurationDelegate [main] Bootstrapping Spring Data JPA repositories in DEFAULT mode.
2024-05-11 09:00:55,162 INFO o.s.d.r.c.RepositoryConfigurationDelegate [main] Finished Spring Data repository scanning in 90 ms. Found 3 JPA repository interfaces.
2024-05-11 09:00:55,173 INFO o.s.d.r.c.RepositoryConfigurationDelegate [main] Multiple Spring Data modules found, entering strict repository configuration mode
2024-05-11 09:00:55,174 INFO o.s.d.r.c.RepositoryConfigurationDelegate [main] Bootstrapping Spring Data Redis repositories in DEFAULT mode.
2024-05-11 09:00:55,185 INFO o.s.d.r.c.RepositoryConfigurationExtensionSupport [main] Spring Data Redis - Could not safely identify store assignment for repository candidate interface com.aymenbouazizi.springbootsuperheroes.superheroes.antiHero.repository.AntiHeroRepository; If you want this repository to be a Redis repository, consider annotating your entities with one of these annotations: org.springframework.data.redis.core.RedisHash (preferred), or consider extending one of the following types with your repository: org.springframework.data.keyvalue.repository.KeyValueRepository
2024-05-11 09:00:55,185 INFO o.s.d.r.c.RepositoryConfigurationExtensionSupport [main] Spring Data Redis - Could not safely identify store assignment for repository candidate interface com.aymenbouazizi.springbootsuperheroes.superheroes.antiHero.repository.RoleRepository; If you want this repository to be a Redis repository, consider annotating your entities with one of these annotations: org.springframework.data.redis.core.RedisHash (preferred), or consider extending one of the following types with your repository: org.springframework.data.keyvalue.repository.KeyValueRepository
2024-05-11 09:00:55,186 INFO o.s.d.r.c.RepositoryConfigurationExtensionSupport [main] Spring Data Redis - Could not safely identify store assignment for repository candidate interface com.aymenbouazizi.springbootsuperheroes.superheroes.antiHero.repository.UserRepository; If you want this repository to be a Redis repository, consider annotating your entities with one of these annotations: org.springframework.data.redis.core.RedisHash (preferred), or consider extending one of the following types with your repository: org.springframework.data.keyvalue.repository.KeyValueRepository
2024-05-11 09:00:55,186 INFO o.s.d.r.c.RepositoryConfigurationDelegate [main] Finished Spring Data repository scanning in 6 ms. Found 0 Redis repository interfaces.
2024-05-11 09:00:55,880 INFO o.s.b.w.e.t.TomcatWebServer [main] Tomcat initialized with port 8080 (http)
2024-05-11 09:00:55,905 INFO o.a.c.h.Http11NioProtocol [main] Initializing ProtocolHandler ["http-nio-8080"]
2024-05-11 09:00:55,910 INFO o.a.c.c.StandardService [main] Starting service [Tomcat]
2024-05-11 09:00:55,910 INFO o.a.c.c.StandardEngine [main] Starting Servlet engine: [Apache Tomcat/10.1.20]
2024-05-11 09:00:56,044 INFO o.a.c.c.C.[.[.[/] [main] Initializing Spring embedded WebApplicationContext
2024-05-11 09:00:56,046 INFO o.s.b.w.s.c.ServletWebServerApplicationContext [main] Root WebApplicationContext: initialization completed in 1682 ms
2024-05-11 09:00:56,332 INFO o.h.j.i.u.LogHelper [main] HHH000204: Processing PersistenceUnitInfo [name: default]
2024-05-11 09:00:56,498 INFO o.h.Version [main] HHH000412: Hibernate ORM core version 6.4.4.Final
2024-05-11 09:00:56,546 INFO o.h.c.i.RegionFactoryInitiator [main] HHH000026: Second-level cache disabled
2024-05-11 09:00:56,718 INFO o.s.o.j.p.SpringPersistenceUnitInfo [main] No LoadTimeWeaver setup: ignoring JPA class transformer
2024-05-11 09:00:56,734 INFO c.z.h.HikariDataSource [main] HikariPool-1 - Starting...
2024-05-11 09:00:56,952 INFO c.z.h.p.HikariPool [main] HikariPool-1 - Added connection org.postgresql.jdbc.PgConnection@173cfb01
2024-05-11 09:00:56,953 INFO c.z.h.HikariDataSource [main] HikariPool-1 - Start completed.
2024-05-11 09:00:56,976 WARN o.h.o.deprecation [main] HHH90000025: PostgreSQLDialect does not need to be specified explicitly using 'hibernate.dialect' (remove the property setting and it will be selected by default)
2024-05-11 09:00:56,992 DEBUG o.h.t.d.s.s.DdlTypeRegistry [main] addDescriptor(2003, org.hibernate.type.descriptor.sql.internal.ArrayDdlTypeImpl@4544ab46) replaced previous registration(org.hibernate.type.descriptor.sql.internal.ArrayDdlTypeImpl@2052f095)
2024-05-11 09:00:56,992 DEBUG o.h.t.d.s.s.DdlTypeRegistry [main] addDescriptor(6, org.hibernate.type.descriptor.sql.internal.CapacityDependentDdlType@76d1f6ea) replaced previous registration(org.hibernate.type.descriptor.sql.internal.DdlTypeImpl@55fe9c2f)
2024-05-11 09:00:57,682 INFO o.h.e.t.j.p.i.JtaPlatformInitiator [main] HHH000489: No JTA platform available (set 'hibernate.transaction.jta.platform' to enable JTA platform integration)
2024-05-11 09:00:57,737 INFO o.s.o.j.LocalContainerEntityManagerFactoryBean [main] Initialized JPA EntityManagerFactory for persistence unit 'default'
2024-05-11 09:00:58,444 WARN o.s.b.a.o.j.JpaBaseConfiguration$JpaWebConfiguration [main] spring.jpa.open-in-view is enabled by default. Therefore, database queries may be performed during view rendering. Explicitly configure spring.jpa.open-in-view to disable this warning
2024-05-11 09:00:58,926 INFO o.s.s.w.DefaultSecurityFilterChain [main] Will secure any request with [org.springframework.security.web.session.DisableEncodeUrlFilter@5502f74c, org.springframework.security.web.context.request.async.WebAsyncManagerIntegrationFilter@1c8d9ac9, org.springframework.security.web.context.SecurityContextHolderFilter@5d267575, org.springframework.security.web.header.HeaderWriterFilter@31620971, org.springframework.web.filter.CorsFilter@56d6a1b1, org.springframework.security.web.authentication.logout.LogoutFilter@14ce13fa, com.aymenbouazizi.springbootsuperheroes.superheroes.antiHero.jwt.AuthTokenFilter@347f0950, org.springframework.security.web.savedrequest.RequestCacheAwareFilter@2be49c8c, org.springframework.security.web.servletapi.SecurityContextHolderAwareRequestFilter@5f160341, org.springframework.security.web.authentication.AnonymousAuthenticationFilter@7b57587e, org.springframework.security.web.session.SessionManagementFilter@593d5f39, org.springframework.security.web.access.ExceptionTranslationFilter@615f61ec, org.springframework.security.web.access.intercept.AuthorizationFilter@394e0104]
2024-05-11 09:00:59,400 INFO o.a.c.h.Http11NioProtocol [main] Starting ProtocolHandler ["http-nio-8080"]
2024-05-11 09:00:59,411 INFO o.s.b.w.e.t.TomcatWebServer [main] Tomcat started on port 8080 (http) with context path ''
2024-05-11 09:00:59,497 DEBUG o.h.SQL [main] 
    select
        r1_0.id,
        r1_0.name 
    from
        roles r1_0 
    where
        r1_0.name=?
2024-05-11 09:00:59,508 DEBUG o.h.SQL [main] 
    select
        r1_0.id,
        r1_0.name 
    from
        roles r1_0 
    where
        r1_0.name=?
2024-05-11 09:00:59,510 DEBUG o.h.SQL [main] 
    select
        r1_0.id,
        r1_0.name 
    from
        roles r1_0 
    where
        r1_0.name=?
2024-05-11 09:00:59,512 INFO c.a.s.s.SuperheroesApplication [main] Started SuperheroesApplication in 5.586 seconds (process running for 6.119)
2024-05-11 09:02:45,013 INFO o.s.o.j.LocalContainerEntityManagerFactoryBean [SpringApplicationShutdownHook] Closing JPA EntityManagerFactory for persistence unit 'default'
2024-05-11 09:02:45,014 INFO c.z.h.HikariDataSource [SpringApplicationShutdownHook] HikariPool-1 - Shutdown initiated...
2024-05-11 09:02:45,018 INFO c.z.h.HikariDataSource [SpringApplicationShutdownHook] HikariPool-1 - Shutdown completed.
